This is METAFONT, Version 2.71828182 (preloaded base=mf 2025.3.15)  6 MAY 2025 15:44
**Done/a_jeremiad.txt Done/a_knife_between_friends.txt Done/charts Done/check_e
ngine.txt Done/deadloop.txt Done/dig.txt Done/Discourse Done/faking_it.txt Done
/ghost_story.txt Done/he_doesnt_want_us_to_cut_through_our_chains.txt Done/heat
_death.txt Done/leviathan.txt Done/murder_ballad.txt Done/side_piece.txt Done/s
uperfund.txt Done/the_long_game.txt Done/who_the_fuck_knows.txt Done/you_wrote_
em.txt ./
(Done/a_jeremiad.txt
! A statement can't begin with `..'.
<to be read again> 
                   ..
---->..
       tension.infinity..
l.1 ---
       
? 
! Extra tokens will be flushed.
<to be read again> 
                   ..
---->..
       tension.infinity..
l.1 ---
       
? 
! Interruption.
---->..
       tension.infinity..
l.1 ---
       
? 
! Emergency stop.
---->..
       tension.infinity..
l.1 ---
       
End of file on the terminal!


